<?xml version="1.0" encoding="UTF-8"?>
<!-- Generated by org.testng.reporters.JUnitReportReporter -->
<testsuite hostname="DESKTOP-6FKVTN9" failures="0" tests="1" name="driverFactory.DriverScript" time="17.881" errors="0" timestamp="2023-09-09T15:49:09 IST" skipped="0">
  <testcase classname="driverFactory.DriverScript" name="startTest" time="17.881">
    <system-out>
      <![CDATA[No of Rows 9
Login Success::dashboard http://orangehrm.qedgetech.com/symfony/web/index.php/dashboard
Login Fail::dashboard  http://orangehrm.qedgetech.com/symfony/web/index.php/auth/validateCredentials
Login Fail::dashboard  http://orangehrm.qedgetech.com/symfony/web/index.php/auth/validateCredentials
Login Fail::dashboard  http://orangehrm.qedgetech.com/symfony/web/index.php/auth/login
Login Success::dashboard http://orangehrm.qedgetech.com/symfony/web/index.php/dashboard
Login Fail::dashboard  http://orangehrm.qedgetech.com/symfony/web/index.php/auth/login
Login Success::dashboard http://orangehrm.qedgetech.com/symfony/web/index.php/dashboard
Login Fail::dashboard  http://orangehrm.qedgetech.com/symfony/web/index.php/auth/login
Login Success::dashboard http://orangehrm.qedgetech.com/symfony/web/index.php/dashboard]]>
    </system-out>
  </testcase> <!-- startTest -->
  <system-out>
    <![CDATA[No of Rows 9
Login Success::dashboard http://orangehrm.qedgetech.com/symfony/web/index.php/dashboard
Login Fail::dashboard  http://orangehrm.qedgetech.com/symfony/web/index.php/auth/validateCredentials
Login Fail::dashboard  http://orangehrm.qedgetech.com/symfony/web/index.php/auth/validateCredentials
Login Fail::dashboard  http://orangehrm.qedgetech.com/symfony/web/index.php/auth/login
Login Success::dashboard http://orangehrm.qedgetech.com/symfony/web/index.php/dashboard
Login Fail::dashboard  http://orangehrm.qedgetech.com/symfony/web/index.php/auth/login
Login Success::dashboard http://orangehrm.qedgetech.com/symfony/web/index.php/dashboard
Login Fail::dashboard  http://orangehrm.qedgetech.com/symfony/web/index.php/auth/login
Login Success::dashboard http://orangehrm.qedgetech.com/symfony/web/index.php/dashboard]]>
  </system-out>
</testsuite> <!-- driverFactory.DriverScript -->
